LightAndShape/app/build/intermediates/manifest_merge_blame_file/debug/manifest-merger-blame-debug-report.txt
1<?xml version="1.0" encoding="utf-8"?>
2<!--   ~ Copyright (c) 2023 Colin Walters.  All rights reserved. -->
3<manifest xmlns:android="http://schemas.android.com/apk/res/android"
4    package="com.mycompany.lightandshape"
5    android:installLocation="preferExternal"
6    android:versionCode="1"
7    android:versionName="1.0" >
8
9    <uses-sdk
10        android:minSdkVersion="14"
11        android:targetSdkVersion="34" />
12    <!--
13    Emulator doesn't like preferExternal.  Need to use the following instead when using the
14    emulators.
15    -->
16    <!-- android:installLocation="auto" > -->
17
18
19    <!-- Leave for Rate option. -->
20    <uses-permission android:name="android.permission.INTERNET" />
20-->src\main\AndroidManifest.xml:16:5-66
20-->src\main\AndroidManifest.xml:16:22-64
21    <uses-permission android:name="android.permission.ACCESS_NETWORK_STATE" />
21-->src\main\AndroidManifest.xml:17:5-78
21-->src\main\AndroidManifest.xml:17:22-76
22
23    <uses-feature android:name="android.hardware.screen.portrait" />
23-->src\main\AndroidManifest.xml:19:5-68
23-->src\main\AndroidManifest.xml:19:19-66
24
25    <permission
25-->[androidx.core:core:1.9.0] AndroidManifest.xml:22:5-24:47
26        android:name="com.mycompany.lightandshape.DYNAMIC_RECEIVER_NOT_EXPORTED_PERMISSION"
26-->[androidx.core:core:1.9.0] AndroidManifest.xml:23:9-81
27        android:protectionLevel="signature" />
27-->[androidx.core:core:1.9.0] AndroidManifest.xml:24:9-44
28
29    <uses-permission android:name="com.mycompany.lightandshape.DYNAMIC_RECEIVER_NOT_EXPORTED_PERMISSION" />
29-->[androidx.core:core:1.9.0] AndroidManifest.xml:26:5-97
29-->[androidx.core:core:1.9.0] AndroidManifest.xml:26:22-94
30
31    <application
31-->src\main\AndroidManifest.xml:21:5-63:19
32        android:allowBackup="true"
32-->src\main\AndroidManifest.xml:22:9-35
33        android:appComponentFactory="androidx.core.app.CoreComponentFactory"
33-->[androidx.core:core:1.9.0] AndroidManifest.xml:28:18-86
34        android:debuggable="true"
35        android:enableOnBackInvokedCallback="true"
35-->src\main\AndroidManifest.xml:27:9-51
36        android:extractNativeLibs="true"
37        android:icon="@mipmap/ic_launcher"
37-->src\main\AndroidManifest.xml:23:9-43
38        android:label="@string/app_name"
38-->src\main\AndroidManifest.xml:25:9-41
39        android:roundIcon="@mipmap/ic_launcher_round"
39-->src\main\AndroidManifest.xml:24:9-54
40        android:testOnly="true"
41        android:theme="@style/AppTheme.NoActionBar" >
41-->src\main\AndroidManifest.xml:26:9-52
42        <activity
42-->src\main\AndroidManifest.xml:30:9-37:20
43            android:name="com.mycompany.lightandshape.controller.MainActivity"
43-->src\main\AndroidManifest.xml:31:13-79
44            android:exported="true" >
44-->src\main\AndroidManifest.xml:32:13-36
45            <intent-filter>
45-->src\main\AndroidManifest.xml:33:13-36:29
46                <action android:name="android.intent.action.MAIN" />
46-->src\main\AndroidManifest.xml:34:17-68
46-->src\main\AndroidManifest.xml:34:25-66
47
48                <category android:name="android.intent.category.LAUNCHER" />
48-->src\main\AndroidManifest.xml:35:17-76
48-->src\main\AndroidManifest.xml:35:27-74
49            </intent-filter>
50        </activity>
51        <activity
51-->src\main\AndroidManifest.xml:38:9-40:47
52            android:name="com.mycompany.lightandshape.controller.SettingsActivity"
52-->src\main\AndroidManifest.xml:39:13-83
53            android:label="@string/settings" />
53-->src\main\AndroidManifest.xml:40:13-45
54        <activity
54-->src\main\AndroidManifest.xml:41:9-44:51
55            android:name="com.mycompany.lightandshape.controller.GameActivity"
55-->src\main\AndroidManifest.xml:42:13-79
56            android:configChanges="orientation"
56-->src\main\AndroidManifest.xml:43:13-48
57            android:screenOrientation="portrait" />
57-->src\main\AndroidManifest.xml:44:13-49
58        <activity
58-->src\main\AndroidManifest.xml:45:9-47:49
59            android:name="com.mycompany.lightandshape.controller.HighScoreActivity"
59-->src\main\AndroidManifest.xml:46:13-84
60            android:label="@string/high_score" />
60-->src\main\AndroidManifest.xml:47:13-47
61        <activity
61-->src\main\AndroidManifest.xml:48:9-50:43
62            android:name="com.mycompany.lightandshape.controller.HelpActivity"
62-->src\main\AndroidManifest.xml:49:13-79
63            android:label="@string/help" />
63-->src\main\AndroidManifest.xml:50:13-41
64
65        <service android:name="com.mycompany.lightandshape.controller.AudioFocusService" />
65-->src\main\AndroidManifest.xml:52:9-91
65-->src\main\AndroidManifest.xml:52:18-89
66
67        <receiver
67-->src\main\AndroidManifest.xml:53:9-58:20
68            android:name="com.mycompany.lightandshape.controller.SoundBroadcastReceiver"
68-->src\main\AndroidManifest.xml:54:13-89
69            android:exported="false" >
69-->src\main\AndroidManifest.xml:55:13-37
70
71            <!--
72                 don't use this - use Context.registerReceiver() <intent-filter> <action
73                android:name="android.media.AUDIO_BECOMING_NOISY" /> </intent-filter>
74            -->
75        </receiver>
76
77        <activity
77-->src\main\AndroidManifest.xml:60:9-62:44
78            android:name="com.mycompany.lightandshape.controller.AboutActivity"
78-->src\main\AndroidManifest.xml:61:13-80
79            android:label="@string/about" />
79-->src\main\AndroidManifest.xml:62:13-42
80
81        <provider
81-->[androidx.emoji2:emoji2:1.2.0] AndroidManifest.xml:24:9-32:20
82            android:name="androidx.startup.InitializationProvider"
82-->[androidx.emoji2:emoji2:1.2.0] AndroidManifest.xml:25:13-67
83            android:authorities="com.mycompany.lightandshape.androidx-startup"
83-->[androidx.emoji2:emoji2:1.2.0] AndroidManifest.xml:26:13-68
84            android:exported="false" >
84-->[androidx.emoji2:emoji2:1.2.0] AndroidManifest.xml:27:13-37
85            <meta-data
85-->[androidx.emoji2:emoji2:1.2.0] AndroidManifest.xml:29:13-31:52
86                android:name="androidx.emoji2.text.EmojiCompatInitializer"
86-->[androidx.emoji2:emoji2:1.2.0] AndroidManifest.xml:30:17-75
87                android:value="androidx.startup" />
87-->[androidx.emoji2:emoji2:1.2.0] AndroidManifest.xml:31:17-49
88            <meta-data
88-->[androidx.lifecycle:lifecycle-process:2.6.1] AndroidManifest.xml:29:13-31:52
89                android:name="androidx.lifecycle.ProcessLifecycleInitializer"
89-->[androidx.lifecycle:lifecycle-process:2.6.1] AndroidManifest.xml:30:17-78
90                android:value="androidx.startup" />
90-->[androidx.lifecycle:lifecycle-process:2.6.1] AndroidManifest.xml:31:17-49
91            <meta-data
91-->[androidx.profileinstaller:profileinstaller:1.3.0] AndroidManifest.xml:29:13-31:52
92                android:name="androidx.profileinstaller.ProfileInstallerInitializer"
92-->[androidx.profileinstaller:profileinstaller:1.3.0] AndroidManifest.xml:30:17-85
93                android:value="androidx.startup" />
93-->[androidx.profileinstaller:profileinstaller:1.3.0] AndroidManifest.xml:31:17-49
94        </provider>
95
96        <receiver
96-->[androidx.profileinstaller:profileinstaller:1.3.0] AndroidManifest.xml:34:9-52:20
97            android:name="androidx.profileinstaller.ProfileInstallReceiver"
97-->[androidx.profileinstaller:profileinstaller:1.3.0] AndroidManifest.xml:35:13-76
98            android:directBootAware="false"
98-->[androidx.profileinstaller:profileinstaller:1.3.0] AndroidManifest.xml:36:13-44
99            android:enabled="true"
99-->[androidx.profileinstaller:profileinstaller:1.3.0] AndroidManifest.xml:37:13-35
100            android:exported="true"
100-->[androidx.profileinstaller:profileinstaller:1.3.0] AndroidManifest.xml:38:13-36
101            android:permission="android.permission.DUMP" >
101-->[androidx.profileinstaller:profileinstaller:1.3.0] AndroidManifest.xml:39:13-57
102            <intent-filter>
102-->[androidx.profileinstaller:profileinstaller:1.3.0] AndroidManifest.xml:40:13-42:29
103                <action android:name="androidx.profileinstaller.action.INSTALL_PROFILE" />
103-->[androidx.profileinstaller:profileinstaller:1.3.0] AndroidManifest.xml:41:17-91
103-->[androidx.profileinstaller:profileinstaller:1.3.0] AndroidManifest.xml:41:25-88
104            </intent-filter>
105            <intent-filter>
105-->[androidx.profileinstaller:profileinstaller:1.3.0] AndroidManifest.xml:43:13-45:29
106                <action android:name="androidx.profileinstaller.action.SKIP_FILE" />
106-->[androidx.profileinstaller:profileinstaller:1.3.0] AndroidManifest.xml:44:17-85
106-->[androidx.profileinstaller:profileinstaller:1.3.0] AndroidManifest.xml:44:25-82
107            </intent-filter>
108            <intent-filter>
108-->[androidx.profileinstaller:profileinstaller:1.3.0] AndroidManifest.xml:46:13-48:29
109                <action android:name="androidx.profileinstaller.action.SAVE_PROFILE" />
109-->[androidx.profileinstaller:profileinstaller:1.3.0] AndroidManifest.xml:47:17-88
109-->[androidx.profileinstaller:profileinstaller:1.3.0] AndroidManifest.xml:47:25-85
110            </intent-filter>
111            <intent-filter>
111-->[androidx.profileinstaller:profileinstaller:1.3.0] AndroidManifest.xml:49:13-51:29
112                <action android:name="androidx.profileinstaller.action.BENCHMARK_OPERATION" />
112-->[androidx.profileinstaller:profileinstaller:1.3.0] AndroidManifest.xml:50:17-95
112-->[androidx.profileinstaller:profileinstaller:1.3.0] AndroidManifest.xml:50:25-92
113            </intent-filter>
114        </receiver>
115    </application>
116
117</manifest>